2024-05-18T20:26:48.125+09:00  INFO 4216 --- [main] com.MGR.service.MemberServiceTest        : Starting MemberServiceTest using Java 21.0.2 with PID 4216 (started by Auggie in C:\Users\Auggie\Desktop\MGR\0518\MGR3)
2024-05-18T20:26:48.125+09:00  INFO 4216 --- [main] com.MGR.service.MemberServiceTest        : No active profile set, falling back to 1 default profile: "default"
2024-05-18T20:26:48.787+09:00  INFO 4216 --- [main] .s.d.r.c.RepositoryConfigurationDelegate : Bootstrapping Spring Data JPA repositories in DEFAULT mode.
2024-05-18T20:26:48.811+09:00  INFO 4216 --- [main] .s.d.r.c.RepositoryConfigurationDelegate : Finished Spring Data repository scanning in 27 ms. Found 1 JPA repository interface.
2024-05-18T20:26:49.205+09:00  INFO 4216 --- [main] o.hibernate.jpa.internal.util.LogHelper  : HHH000204: Processing PersistenceUnitInfo [name: default]
2024-05-18T20:26:49.284+09:00  INFO 4216 --- [main] org.hibernate.Version                    : HHH000412: Hibernate ORM core version 6.2.24.Final
2024-05-18T20:26:49.288+09:00  INFO 4216 --- [main] org.hibernate.cfg.Environment            : HHH000406: Using bytecode reflection optimizer
2024-05-18T20:26:49.566+09:00  INFO 4216 --- [main] o.s.o.j.p.SpringPersistenceUnitInfo      : No LoadTimeWeaver setup: ignoring JPA class transformer
2024-05-18T20:26:49.598+09:00  INFO 4216 --- [main] com.zaxxer.hikari.HikariDataSource       : HikariPool-1 - Starting...
2024-05-18T20:26:49.660+09:00  INFO 4216 --- [main] com.zaxxer.hikari.pool.HikariPool        : HikariPool-1 - Added connection conn0: url=jdbc:h2:tcp://localhost/~/MGRv1 user=SA
2024-05-18T20:26:49.660+09:00  INFO 4216 --- [main] com.zaxxer.hikari.HikariDataSource       : HikariPool-1 - Start completed.
2024-05-18T20:26:50.510+09:00  INFO 4216 --- [main] o.h.e.t.j.p.i.JtaPlatformInitiator       : HHH000489: No JTA platform available (set 'hibernate.transaction.jta.platform' to enable JTA platform integration)
2024-05-18T20:26:50.557+09:00  INFO 4216 --- [main] j.LocalContainerEntityManagerFactoryBean : Initialized JPA EntityManagerFactory for persistence unit 'default'
2024-05-18T20:26:50.777+09:00  WARN 4216 --- [main] ocalVariableTableParameterNameDiscoverer : Using deprecated '-debug' fallback for parameter name resolution. Compile the affected code with '-parameters' instead or avoid its introspection: com.MGR.repository.MemberRepository
2024-05-18T20:26:50.919+09:00  WARN 4216 --- [main] JpaBaseConfiguration$JpaWebConfiguration : spring.jpa.open-in-view is enabled by default. Therefore, database queries may be performed during view rendering. Explicitly configure spring.jpa.open-in-view to disable this warning
2024-05-18T20:26:50.935+09:00  WARN 4216 --- [main] .s.s.UserDetailsServiceAutoConfiguration : 

Using generated security password: c7f64fec-6f39-491f-9e6d-05d47eafd022

This generated password is for development use only. Your security configuration must be updated before running your application in production.

2024-05-18T20:26:51.060+09:00  INFO 4216 --- [main] o.s.b.a.w.s.WelcomePageHandlerMapping    : Adding welcome page template: index
2024-05-18T20:26:51.219+09:00  INFO 4216 --- [main] o.s.s.web.DefaultSecurityFilterChain     : Will secure any request with [org.springframework.security.web.session.DisableEncodeUrlFilter@5f5fb335, org.springframework.security.web.context.request.async.WebAsyncManagerIntegrationFilter@715d82a0, org.springframework.security.web.context.SecurityContextHolderFilter@4d0e6424, org.springframework.security.web.header.HeaderWriterFilter@562ec518, org.springframework.security.web.csrf.CsrfFilter@38dc1c50, org.springframework.security.web.authentication.logout.LogoutFilter@6a9a6a0c, org.springframework.security.web.authentication.UsernamePasswordAuthenticationFilter@1cdb290c, org.springframework.security.web.savedrequest.RequestCacheAwareFilter@5a5024eb, org.springframework.security.web.servletapi.SecurityContextHolderAwareRequestFilter@c22cf4d, org.springframework.security.web.authentication.AnonymousAuthenticationFilter@299cddbf, org.springframework.security.web.access.ExceptionTranslationFilter@3ca564aa, org.springframework.security.web.access.intercept.AuthorizationFilter@701bd6e8]
2024-05-18T20:26:51.564+09:00  INFO 4216 --- [main] com.MGR.service.MemberServiceTest        : Started MemberServiceTest in 3.685 seconds (process running for 4.605)
2024-05-18T20:26:52.262+09:00  INFO 4216 --- [SpringApplicationShutdownHook] j.LocalContainerEntityManagerFactoryBean : Closing JPA EntityManagerFactory for persistence unit 'default'
2024-05-18T20:26:52.278+09:00  INFO 4216 --- [SpringApplicationShutdownHook] com.zaxxer.hikari.HikariDataSource       : HikariPool-1 - Shutdown initiated...
2024-05-18T20:26:52.278+09:00  INFO 4216 --- [SpringApplicationShutdownHook] com.zaxxer.hikari.HikariDataSource       : HikariPool-1 - Shutdown completed.
2024-05-18T20:27:10.157+09:00  INFO 11108 --- [main] com.MGR.service.MemberServiceTest        : Starting MemberServiceTest using Java 21.0.2 with PID 11108 (started by Auggie in C:\Users\Auggie\Desktop\MGR\0518\MGR3)
2024-05-18T20:27:10.157+09:00  INFO 11108 --- [main] com.MGR.service.MemberServiceTest        : No active profile set, falling back to 1 default profile: "default"
2024-05-18T20:27:10.867+09:00  INFO 11108 --- [main] .s.d.r.c.RepositoryConfigurationDelegate : Bootstrapping Spring Data JPA repositories in DEFAULT mode.
2024-05-18T20:27:10.929+09:00  INFO 11108 --- [main] .s.d.r.c.RepositoryConfigurationDelegate : Finished Spring Data repository scanning in 42 ms. Found 1 JPA repository interface.
2024-05-18T20:27:11.337+09:00  INFO 11108 --- [main] o.hibernate.jpa.internal.util.LogHelper  : HHH000204: Processing PersistenceUnitInfo [name: default]
2024-05-18T20:27:11.400+09:00  INFO 11108 --- [main] org.hibernate.Version                    : HHH000412: Hibernate ORM core version 6.2.24.Final
2024-05-18T20:27:11.400+09:00  INFO 11108 --- [main] org.hibernate.cfg.Environment            : HHH000406: Using bytecode reflection optimizer
2024-05-18T20:27:11.729+09:00  INFO 11108 --- [main] o.s.o.j.p.SpringPersistenceUnitInfo      : No LoadTimeWeaver setup: ignoring JPA class transformer
2024-05-18T20:27:11.761+09:00  INFO 11108 --- [main] com.zaxxer.hikari.HikariDataSource       : HikariPool-1 - Starting...
2024-05-18T20:27:11.839+09:00  INFO 11108 --- [main] com.zaxxer.hikari.pool.HikariPool        : HikariPool-1 - Added connection conn0: url=jdbc:h2:tcp://localhost/~/MGRv1 user=SA
2024-05-18T20:27:11.839+09:00  INFO 11108 --- [main] com.zaxxer.hikari.HikariDataSource       : HikariPool-1 - Start completed.
2024-05-18T20:27:12.708+09:00  INFO 11108 --- [main] o.h.e.t.j.p.i.JtaPlatformInitiator       : HHH000489: No JTA platform available (set 'hibernate.transaction.jta.platform' to enable JTA platform integration)
2024-05-18T20:27:12.756+09:00  INFO 11108 --- [main] j.LocalContainerEntityManagerFactoryBean : Initialized JPA EntityManagerFactory for persistence unit 'default'
2024-05-18T20:27:12.978+09:00  WARN 11108 --- [main] ocalVariableTableParameterNameDiscoverer : Using deprecated '-debug' fallback for parameter name resolution. Compile the affected code with '-parameters' instead or avoid its introspection: com.MGR.repository.MemberRepository
2024-05-18T20:27:13.125+09:00  WARN 11108 --- [main] JpaBaseConfiguration$JpaWebConfiguration : spring.jpa.open-in-view is enabled by default. Therefore, database queries may be performed during view rendering. Explicitly configure spring.jpa.open-in-view to disable this warning
2024-05-18T20:27:13.153+09:00  WARN 11108 --- [main] .s.s.UserDetailsServiceAutoConfiguration : 

Using generated security password: 962995ab-b9c2-4a9d-8aa6-d7a8a08b8e9a

This generated password is for development use only. Your security configuration must be updated before running your application in production.

2024-05-18T20:27:13.281+09:00  INFO 11108 --- [main] o.s.b.a.w.s.WelcomePageHandlerMapping    : Adding welcome page template: index
2024-05-18T20:27:13.472+09:00  INFO 11108 --- [main] o.s.s.web.DefaultSecurityFilterChain     : Will secure any request with [org.springframework.security.web.session.DisableEncodeUrlFilter@36e9794c, org.springframework.security.web.context.request.async.WebAsyncManagerIntegrationFilter@78a0d664, org.springframework.security.web.context.SecurityContextHolderFilter@18c432ed, org.springframework.security.web.header.HeaderWriterFilter@c22cf4d, org.springframework.security.web.csrf.CsrfFilter@33b4c775, org.springframework.security.web.authentication.logout.LogoutFilter@cbea0df, org.springframework.security.web.authentication.UsernamePasswordAuthenticationFilter@396f3bf2, org.springframework.security.web.savedrequest.RequestCacheAwareFilter@3fae357f, org.springframework.security.web.servletapi.SecurityContextHolderAwareRequestFilter@135f160e, org.springframework.security.web.authentication.AnonymousAuthenticationFilter@1237aa73, org.springframework.security.web.access.ExceptionTranslationFilter@797ca322, org.springframework.security.web.access.intercept.AuthorizationFilter@4131f6db]
2024-05-18T20:27:13.836+09:00  INFO 11108 --- [main] com.MGR.service.MemberServiceTest        : Started MemberServiceTest in 3.94 seconds (process running for 4.811)
2024-05-18T20:27:14.558+09:00  INFO 11108 --- [SpringApplicationShutdownHook] j.LocalContainerEntityManagerFactoryBean : Closing JPA EntityManagerFactory for persistence unit 'default'
2024-05-18T20:27:14.573+09:00  INFO 11108 --- [SpringApplicationShutdownHook] com.zaxxer.hikari.HikariDataSource       : HikariPool-1 - Shutdown initiated...
2024-05-18T20:27:14.605+09:00  INFO 11108 --- [SpringApplicationShutdownHook] com.zaxxer.hikari.HikariDataSource       : HikariPool-1 - Shutdown completed.
2024-05-18T20:28:47.740+09:00  INFO 8880 --- [main] com.MGR.service.MemberServiceTest        : Starting MemberServiceTest using Java 21.0.2 with PID 8880 (started by Auggie in C:\Users\Auggie\Desktop\MGR\0518\MGR3)
2024-05-18T20:28:47.740+09:00  INFO 8880 --- [main] com.MGR.service.MemberServiceTest        : No active profile set, falling back to 1 default profile: "default"
2024-05-18T20:28:48.511+09:00  INFO 8880 --- [main] .s.d.r.c.RepositoryConfigurationDelegate : Bootstrapping Spring Data JPA repositories in DEFAULT mode.
2024-05-18T20:28:48.569+09:00  INFO 8880 --- [main] .s.d.r.c.RepositoryConfigurationDelegate : Finished Spring Data repository scanning in 44 ms. Found 1 JPA repository interface.
2024-05-18T20:28:49.025+09:00  INFO 8880 --- [main] o.hibernate.jpa.internal.util.LogHelper  : HHH000204: Processing PersistenceUnitInfo [name: default]
2024-05-18T20:28:49.119+09:00  INFO 8880 --- [main] org.hibernate.Version                    : HHH000412: Hibernate ORM core version 6.2.24.Final
2024-05-18T20:28:49.119+09:00  INFO 8880 --- [main] org.hibernate.cfg.Environment            : HHH000406: Using bytecode reflection optimizer
2024-05-18T20:28:49.449+09:00  INFO 8880 --- [main] o.s.o.j.p.SpringPersistenceUnitInfo      : No LoadTimeWeaver setup: ignoring JPA class transformer
2024-05-18T20:28:49.496+09:00  INFO 8880 --- [main] com.zaxxer.hikari.HikariDataSource       : HikariPool-1 - Starting...
2024-05-18T20:28:49.613+09:00  INFO 8880 --- [main] com.zaxxer.hikari.pool.HikariPool        : HikariPool-1 - Added connection conn0: url=jdbc:h2:tcp://localhost/~/MGRv1 user=SA
2024-05-18T20:28:49.613+09:00  INFO 8880 --- [main] com.zaxxer.hikari.HikariDataSource       : HikariPool-1 - Start completed.
2024-05-18T20:28:50.558+09:00  INFO 8880 --- [main] o.h.e.t.j.p.i.JtaPlatformInitiator       : HHH000489: No JTA platform available (set 'hibernate.transaction.jta.platform' to enable JTA platform integration)
2024-05-18T20:28:50.616+09:00  INFO 8880 --- [main] j.LocalContainerEntityManagerFactoryBean : Initialized JPA EntityManagerFactory for persistence unit 'default'
2024-05-18T20:28:50.870+09:00  WARN 8880 --- [main] ocalVariableTableParameterNameDiscoverer : Using deprecated '-debug' fallback for parameter name resolution. Compile the affected code with '-parameters' instead or avoid its introspection: com.MGR.repository.MemberRepository
2024-05-18T20:28:50.998+09:00  WARN 8880 --- [main] JpaBaseConfiguration$JpaWebConfiguration : spring.jpa.open-in-view is enabled by default. Therefore, database queries may be performed during view rendering. Explicitly configure spring.jpa.open-in-view to disable this warning
2024-05-18T20:28:51.045+09:00  WARN 8880 --- [main] .s.s.UserDetailsServiceAutoConfiguration : 

Using generated security password: 4e8c7c85-da77-4897-a2f4-f10ef67b5608

This generated password is for development use only. Your security configuration must be updated before running your application in production.

2024-05-18T20:28:51.204+09:00  INFO 8880 --- [main] o.s.b.a.w.s.WelcomePageHandlerMapping    : Adding welcome page template: index
2024-05-18T20:28:51.419+09:00  INFO 8880 --- [main] o.s.s.web.DefaultSecurityFilterChain     : Will secure any request with [org.springframework.security.web.session.DisableEncodeUrlFilter@1dbb9a4a, org.springframework.security.web.context.request.async.WebAsyncManagerIntegrationFilter@60e5b3a8, org.springframework.security.web.context.SecurityContextHolderFilter@50bc0bbd, org.springframework.security.web.header.HeaderWriterFilter@18c432ed, org.springframework.security.web.csrf.CsrfFilter@73db1a6, org.springframework.security.web.authentication.logout.LogoutFilter@701bd6e8, org.springframework.security.web.authentication.UsernamePasswordAuthenticationFilter@9da386c, org.springframework.security.web.savedrequest.RequestCacheAwareFilter@5d94c50e, org.springframework.security.web.servletapi.SecurityContextHolderAwareRequestFilter@186e254, org.springframework.security.web.authentication.AnonymousAuthenticationFilter@1e084a26, org.springframework.security.web.access.ExceptionTranslationFilter@25630ede, org.springframework.security.web.access.intercept.AuthorizationFilter@36e9794c]
2024-05-18T20:28:51.787+09:00  INFO 8880 --- [main] com.MGR.service.MemberServiceTest        : Started MemberServiceTest in 4.346 seconds (process running for 5.262)
2024-05-18T20:28:52.536+09:00  INFO 8880 --- [SpringApplicationShutdownHook] j.LocalContainerEntityManagerFactoryBean : Closing JPA EntityManagerFactory for persistence unit 'default'
2024-05-18T20:28:52.551+09:00  INFO 8880 --- [SpringApplicationShutdownHook] com.zaxxer.hikari.HikariDataSource       : HikariPool-1 - Shutdown initiated...
2024-05-18T20:28:52.563+09:00  INFO 8880 --- [SpringApplicationShutdownHook] com.zaxxer.hikari.HikariDataSource       : HikariPool-1 - Shutdown completed.
2024-05-18T23:02:16.194+09:00  INFO 9280 --- [main] com.MGR.MgrApplication                   : Starting MgrApplication using Java 17.0.9 with PID 9280 (C:\Users\Auggie\Desktop\MGR\0518\MGR3\build\classes\java\main started by Auggie in C:\Users\Auggie\Desktop\MGR\0518\MGR3)
2024-05-18T23:02:16.197+09:00  INFO 9280 --- [main] com.MGR.MgrApplication                   : No active profile set, falling back to 1 default profile: "default"
2024-05-18T23:02:17.000+09:00  INFO 9280 --- [main] .s.d.r.c.RepositoryConfigurationDelegate : Bootstrapping Spring Data JPA repositories in DEFAULT mode.
2024-05-18T23:02:17.078+09:00  INFO 9280 --- [main] .s.d.r.c.RepositoryConfigurationDelegate : Finished Spring Data repository scanning in 67 ms. Found 1 JPA repository interface.
2024-05-18T23:02:17.710+09:00  INFO 9280 --- [main] o.s.b.w.embedded.tomcat.TomcatWebServer  : Tomcat initialized with port(s): 8080 (http)
2024-05-18T23:02:17.722+09:00  INFO 9280 --- [main] o.apache.catalina.core.StandardService   : Starting service [Tomcat]
2024-05-18T23:02:17.723+09:00  INFO 9280 --- [main] o.apache.catalina.core.StandardEngine    : Starting Servlet engine: [Apache Tomcat/10.1.20]
2024-05-18T23:02:17.861+09:00  INFO 9280 --- [main] o.a.c.c.C.[Tomcat].[localhost].[/]       : Initializing Spring embedded WebApplicationContext
2024-05-18T23:02:17.861+09:00  INFO 9280 --- [main] w.s.c.ServletWebServerApplicationContext : Root WebApplicationContext: initialization completed in 1413 ms
2024-05-18T23:02:18.057+09:00  INFO 9280 --- [main] o.hibernate.jpa.internal.util.LogHelper  : HHH000204: Processing PersistenceUnitInfo [name: default]
2024-05-18T23:02:18.211+09:00  INFO 9280 --- [main] org.hibernate.Version                    : HHH000412: Hibernate ORM core version 6.2.24.Final
2024-05-18T23:02:18.213+09:00  INFO 9280 --- [main] org.hibernate.cfg.Environment            : HHH000406: Using bytecode reflection optimizer
2024-05-18T23:02:18.508+09:00  INFO 9280 --- [main] o.s.o.j.p.SpringPersistenceUnitInfo      : No LoadTimeWeaver setup: ignoring JPA class transformer
2024-05-18T23:02:18.528+09:00  INFO 9280 --- [main] com.zaxxer.hikari.HikariDataSource       : HikariPool-1 - Starting...
2024-05-18T23:02:18.604+09:00  INFO 9280 --- [main] com.zaxxer.hikari.pool.HikariPool        : HikariPool-1 - Added connection conn0: url=jdbc:h2:tcp://localhost/~/MGRv1 user=SA
2024-05-18T23:02:18.605+09:00  INFO 9280 --- [main] com.zaxxer.hikari.HikariDataSource       : HikariPool-1 - Start completed.
2024-05-18T23:02:19.483+09:00  INFO 9280 --- [main] o.h.e.t.j.p.i.JtaPlatformInitiator       : HHH000489: No JTA platform available (set 'hibernate.transaction.jta.platform' to enable JTA platform integration)
2024-05-18T23:02:19.539+09:00  INFO 9280 --- [main] j.LocalContainerEntityManagerFactoryBean : Initialized JPA EntityManagerFactory for persistence unit 'default'
2024-05-18T23:02:19.985+09:00  WARN 9280 --- [main] JpaBaseConfiguration$JpaWebConfiguration : spring.jpa.open-in-view is enabled by default. Therefore, database queries may be performed during view rendering. Explicitly configure spring.jpa.open-in-view to disable this warning
2024-05-18T23:02:20.107+09:00  INFO 9280 --- [main] o.s.b.a.w.s.WelcomePageHandlerMapping    : Adding welcome page template: index
2024-05-18T23:02:20.323+09:00  INFO 9280 --- [main] o.s.s.web.DefaultSecurityFilterChain     : Will secure any request with [org.springframework.security.web.session.DisableEncodeUrlFilter@3b8ce72, org.springframework.security.web.context.request.async.WebAsyncManagerIntegrationFilter@3ce4eb42, org.springframework.security.web.context.SecurityContextHolderFilter@6d7d0946, org.springframework.security.web.header.HeaderWriterFilter@3f2feab7, org.springframework.security.web.authentication.logout.LogoutFilter@19877453, org.springframework.security.web.authentication.UsernamePasswordAuthenticationFilter@49bf5ec8, org.springframework.security.web.savedrequest.RequestCacheAwareFilter@1dc28c66, org.springframework.security.web.servletapi.SecurityContextHolderAwareRequestFilter@673e1cf2, org.springframework.security.web.authentication.AnonymousAuthenticationFilter@3a388769, org.springframework.security.web.access.ExceptionTranslationFilter@1a5c0b8, org.springframework.security.web.access.intercept.AuthorizationFilter@25134e01]
2024-05-18T23:02:20.640+09:00  INFO 9280 --- [main] o.s.b.w.embedded.tomcat.TomcatWebServer  : Tomcat started on port(s): 8080 (http) with context path ''
2024-05-18T23:02:20.647+09:00  INFO 9280 --- [main] com.MGR.MgrApplication                   : Started MgrApplication in 4.802 seconds (process running for 5.147)
2024-05-18T23:02:24.775+09:00  INFO 9280 --- [http-nio-8080-exec-1] o.a.c.c.C.[Tomcat].[localhost].[/]       : Initializing Spring DispatcherServlet 'dispatcherServlet'
2024-05-18T23:02:24.776+09:00  INFO 9280 --- [http-nio-8080-exec-1] o.s.web.servlet.DispatcherServlet        : Initializing Servlet 'dispatcherServlet'
2024-05-18T23:02:24.776+09:00  INFO 9280 --- [http-nio-8080-exec-1] o.s.web.servlet.DispatcherServlet        : Completed initialization in 0 ms
2024-05-18T23:02:24.791+09:00 DEBUG 9280 --- [http-nio-8080-exec-1] o.s.security.web.FilterChainProxy        : Securing GET /
2024-05-18T23:02:24.795+09:00 DEBUG 9280 --- [http-nio-8080-exec-1] o.s.security.web.FilterChainProxy        : Secured GET /
2024-05-18T23:02:25.535+09:00 DEBUG 9280 --- [http-nio-8080-exec-1] o.s.s.w.a.AnonymousAuthenticationFilter  : Set SecurityContextHolder to anonymous SecurityContext
2024-05-18T23:02:25.546+09:00 DEBUG 9280 --- [http-nio-8080-exec-2] o.s.security.web.FilterChainProxy        : Securing GET /css/bootstrap.min.css
2024-05-18T23:02:25.546+09:00 DEBUG 9280 --- [http-nio-8080-exec-2] o.s.security.web.FilterChainProxy        : Secured GET /css/bootstrap.min.css
2024-05-18T23:02:25.546+09:00 DEBUG 9280 --- [http-nio-8080-exec-8] o.s.security.web.FilterChainProxy        : Securing GET /js/bootstrap.min.js
2024-05-18T23:02:25.548+09:00 DEBUG 9280 --- [http-nio-8080-exec-8] o.s.security.web.FilterChainProxy        : Secured GET /js/bootstrap.min.js
2024-05-18T23:02:25.556+09:00 DEBUG 9280 --- [http-nio-8080-exec-2] o.s.s.w.a.AnonymousAuthenticationFilter  : Set SecurityContextHolder to anonymous SecurityContext
2024-05-18T23:02:25.555+09:00 DEBUG 9280 --- [http-nio-8080-exec-8] o.s.s.w.a.AnonymousAuthenticationFilter  : Set SecurityContextHolder to anonymous SecurityContext
2024-05-18T23:02:29.436+09:00 DEBUG 9280 --- [http-nio-8080-exec-10] o.s.security.web.FilterChainProxy        : Securing GET /member/login
2024-05-18T23:02:29.437+09:00 DEBUG 9280 --- [http-nio-8080-exec-10] o.s.security.web.FilterChainProxy        : Secured GET /member/login
2024-05-18T23:02:29.472+09:00 DEBUG 9280 --- [http-nio-8080-exec-10] o.s.s.w.a.AnonymousAuthenticationFilter  : Set SecurityContextHolder to anonymous SecurityContext
2024-05-18T23:02:29.483+09:00 DEBUG 9280 --- [http-nio-8080-exec-5] o.s.security.web.FilterChainProxy        : Securing GET /css/bootstrap.min.css
2024-05-18T23:02:29.483+09:00 DEBUG 9280 --- [http-nio-8080-exec-6] o.s.security.web.FilterChainProxy        : Securing GET /js/bootstrap.min.js
2024-05-18T23:02:29.484+09:00 DEBUG 9280 --- [http-nio-8080-exec-6] o.s.security.web.FilterChainProxy        : Secured GET /js/bootstrap.min.js
2024-05-18T23:02:29.484+09:00 DEBUG 9280 --- [http-nio-8080-exec-5] o.s.security.web.FilterChainProxy        : Secured GET /css/bootstrap.min.css
2024-05-18T23:02:29.486+09:00 DEBUG 9280 --- [http-nio-8080-exec-6] o.s.s.w.a.AnonymousAuthenticationFilter  : Set SecurityContextHolder to anonymous SecurityContext
2024-05-18T23:02:29.489+09:00 DEBUG 9280 --- [http-nio-8080-exec-5] o.s.s.w.a.AnonymousAuthenticationFilter  : Set SecurityContextHolder to anonymous SecurityContext
2024-05-18T23:02:35.240+09:00 DEBUG 9280 --- [http-nio-8080-exec-7] o.s.security.web.FilterChainProxy        : Securing POST /member/login
2024-05-18T23:02:35.397+09:00 DEBUG 9280 --- [http-nio-8080-exec-7] o.s.s.a.dao.DaoAuthenticationProvider    : Authenticated user
2024-05-18T23:02:35.415+09:00 DEBUG 9280 --- [http-nio-8080-exec-7] w.c.HttpSessionSecurityContextRepository : Stored SecurityContextImpl [Authentication=UsernamePasswordAuthenticationToken [Principal=org.springframework.security.core.userdetails.User [Username=admin@mgr.com, Password=[PROTECTED], Enabled=true, AccountNonExpired=true, credentialsNonExpired=true, AccountNonLocked=true, Granted Authorities=[ROLE_ADMIN]], Credentials=[PROTECTED], Authenticated=true, Details=WebAuthenticationDetails [RemoteIpAddress=0:0:0:0:0:0:0:1, SessionId=null], Granted Authorities=[ROLE_ADMIN]]] to HttpSession [org.apache.catalina.session.StandardSessionFacade@f06d81f]
2024-05-18T23:02:35.416+09:00 DEBUG 9280 --- [http-nio-8080-exec-7] w.a.UsernamePasswordAuthenticationFilter : Set SecurityContextHolder to UsernamePasswordAuthenticationToken [Principal=org.springframework.security.core.userdetails.User [Username=admin@mgr.com, Password=[PROTECTED], Enabled=true, AccountNonExpired=true, credentialsNonExpired=true, AccountNonLocked=true, Granted Authorities=[ROLE_ADMIN]], Credentials=[PROTECTED], Authenticated=true, Details=WebAuthenticationDetails [RemoteIpAddress=0:0:0:0:0:0:0:1, SessionId=null], Granted Authorities=[ROLE_ADMIN]]
2024-05-18T23:02:35.417+09:00 DEBUG 9280 --- [http-nio-8080-exec-7] o.s.s.web.DefaultRedirectStrategy        : Redirecting to /
2024-05-18T23:02:35.421+09:00 DEBUG 9280 --- [http-nio-8080-exec-9] o.s.security.web.FilterChainProxy        : Securing GET /
2024-05-18T23:02:35.421+09:00 DEBUG 9280 --- [http-nio-8080-exec-9] o.s.security.web.FilterChainProxy        : Secured GET /
2024-05-18T23:02:35.434+09:00 DEBUG 9280 --- [http-nio-8080-exec-9] w.c.HttpSessionSecurityContextRepository : Retrieved SecurityContextImpl [Authentication=UsernamePasswordAuthenticationToken [Principal=org.springframework.security.core.userdetails.User [Username=admin@mgr.com, Password=[PROTECTED], Enabled=true, AccountNonExpired=true, credentialsNonExpired=true, AccountNonLocked=true, Granted Authorities=[ROLE_ADMIN]], Credentials=[PROTECTED], Authenticated=true, Details=WebAuthenticationDetails [RemoteIpAddress=0:0:0:0:0:0:0:1, SessionId=null], Granted Authorities=[ROLE_ADMIN]]]
2024-05-18T23:02:35.463+09:00 DEBUG 9280 --- [http-nio-8080-exec-3] o.s.security.web.FilterChainProxy        : Securing GET /css/bootstrap.min.css
2024-05-18T23:02:35.464+09:00 DEBUG 9280 --- [http-nio-8080-exec-3] o.s.security.web.FilterChainProxy        : Secured GET /css/bootstrap.min.css
2024-05-18T23:02:35.469+09:00 DEBUG 9280 --- [http-nio-8080-exec-3] w.c.HttpSessionSecurityContextRepository : Retrieved SecurityContextImpl [Authentication=UsernamePasswordAuthenticationToken [Principal=org.springframework.security.core.userdetails.User [Username=admin@mgr.com, Password=[PROTECTED], Enabled=true, AccountNonExpired=true, credentialsNonExpired=true, AccountNonLocked=true, Granted Authorities=[ROLE_ADMIN]], Credentials=[PROTECTED], Authenticated=true, Details=WebAuthenticationDetails [RemoteIpAddress=0:0:0:0:0:0:0:1, SessionId=null], Granted Authorities=[ROLE_ADMIN]]]
2024-05-18T23:02:35.470+09:00 DEBUG 9280 --- [http-nio-8080-exec-4] o.s.security.web.FilterChainProxy        : Securing GET /js/bootstrap.min.js
2024-05-18T23:02:35.472+09:00 DEBUG 9280 --- [http-nio-8080-exec-4] o.s.security.web.FilterChainProxy        : Secured GET /js/bootstrap.min.js
2024-05-18T23:02:35.477+09:00 DEBUG 9280 --- [http-nio-8080-exec-4] w.c.HttpSessionSecurityContextRepository : Retrieved SecurityContextImpl [Authentication=UsernamePasswordAuthenticationToken [Principal=org.springframework.security.core.userdetails.User [Username=admin@mgr.com, Password=[PROTECTED], Enabled=true, AccountNonExpired=true, credentialsNonExpired=true, AccountNonLocked=true, Granted Authorities=[ROLE_ADMIN]], Credentials=[PROTECTED], Authenticated=true, Details=WebAuthenticationDetails [RemoteIpAddress=0:0:0:0:0:0:0:1, SessionId=null], Granted Authorities=[ROLE_ADMIN]]]
2024-05-18T23:02:44.916+09:00 DEBUG 9280 --- [http-nio-8080-exec-1] o.s.security.web.FilterChainProxy        : Securing GET /member/join
2024-05-18T23:02:44.917+09:00 DEBUG 9280 --- [http-nio-8080-exec-1] o.s.security.web.FilterChainProxy        : Secured GET /member/join
2024-05-18T23:02:45.025+09:00 DEBUG 9280 --- [http-nio-8080-exec-1] w.c.HttpSessionSecurityContextRepository : Retrieved SecurityContextImpl [Authentication=UsernamePasswordAuthenticationToken [Principal=org.springframework.security.core.userdetails.User [Username=admin@mgr.com, Password=[PROTECTED], Enabled=true, AccountNonExpired=true, credentialsNonExpired=true, AccountNonLocked=true, Granted Authorities=[ROLE_ADMIN]], Credentials=[PROTECTED], Authenticated=true, Details=WebAuthenticationDetails [RemoteIpAddress=0:0:0:0:0:0:0:1, SessionId=null], Granted Authorities=[ROLE_ADMIN]]]
2024-05-18T23:02:45.040+09:00 DEBUG 9280 --- [http-nio-8080-exec-2] o.s.security.web.FilterChainProxy        : Securing GET /css/bootstrap.min.css
2024-05-18T23:02:45.041+09:00 DEBUG 9280 --- [http-nio-8080-exec-8] o.s.security.web.FilterChainProxy        : Securing GET /js/bootstrap.min.js
2024-05-18T23:02:45.041+09:00 DEBUG 9280 --- [http-nio-8080-exec-2] o.s.security.web.FilterChainProxy        : Secured GET /css/bootstrap.min.css
2024-05-18T23:02:45.041+09:00 DEBUG 9280 --- [http-nio-8080-exec-8] o.s.security.web.FilterChainProxy        : Secured GET /js/bootstrap.min.js
2024-05-18T23:02:45.044+09:00 DEBUG 9280 --- [http-nio-8080-exec-8] w.c.HttpSessionSecurityContextRepository : Retrieved SecurityContextImpl [Authentication=UsernamePasswordAuthenticationToken [Principal=org.springframework.security.core.userdetails.User [Username=admin@mgr.com, Password=[PROTECTED], Enabled=true, AccountNonExpired=true, credentialsNonExpired=true, AccountNonLocked=true, Granted Authorities=[ROLE_ADMIN]], Credentials=[PROTECTED], Authenticated=true, Details=WebAuthenticationDetails [RemoteIpAddress=0:0:0:0:0:0:0:1, SessionId=null], Granted Authorities=[ROLE_ADMIN]]]
2024-05-18T23:02:45.045+09:00 DEBUG 9280 --- [http-nio-8080-exec-2] w.c.HttpSessionSecurityContextRepository : Retrieved SecurityContextImpl [Authentication=UsernamePasswordAuthenticationToken [Principal=org.springframework.security.core.userdetails.User [Username=admin@mgr.com, Password=[PROTECTED], Enabled=true, AccountNonExpired=true, credentialsNonExpired=true, AccountNonLocked=true, Granted Authorities=[ROLE_ADMIN]], Credentials=[PROTECTED], Authenticated=true, Details=WebAuthenticationDetails [RemoteIpAddress=0:0:0:0:0:0:0:1, SessionId=null], Granted Authorities=[ROLE_ADMIN]]]
2024-05-18T23:02:46.888+09:00 DEBUG 9280 --- [http-nio-8080-exec-10] o.s.security.web.FilterChainProxy        : Securing GET /member/login
2024-05-18T23:02:46.888+09:00 DEBUG 9280 --- [http-nio-8080-exec-10] o.s.security.web.FilterChainProxy        : Secured GET /member/login
2024-05-18T23:02:46.906+09:00 DEBUG 9280 --- [http-nio-8080-exec-10] w.c.HttpSessionSecurityContextRepository : Retrieved SecurityContextImpl [Authentication=UsernamePasswordAuthenticationToken [Principal=org.springframework.security.core.userdetails.User [Username=admin@mgr.com, Password=[PROTECTED], Enabled=true, AccountNonExpired=true, credentialsNonExpired=true, AccountNonLocked=true, Granted Authorities=[ROLE_ADMIN]], Credentials=[PROTECTED], Authenticated=true, Details=WebAuthenticationDetails [RemoteIpAddress=0:0:0:0:0:0:0:1, SessionId=null], Granted Authorities=[ROLE_ADMIN]]]
2024-05-18T23:02:46.915+09:00 DEBUG 9280 --- [http-nio-8080-exec-6] o.s.security.web.FilterChainProxy        : Securing GET /css/bootstrap.min.css
2024-05-18T23:02:46.914+09:00 DEBUG 9280 --- [http-nio-8080-exec-5] o.s.security.web.FilterChainProxy        : Securing GET /js/bootstrap.min.js
2024-05-18T23:02:46.915+09:00 DEBUG 9280 --- [http-nio-8080-exec-6] o.s.security.web.FilterChainProxy        : Secured GET /css/bootstrap.min.css
2024-05-18T23:02:46.915+09:00 DEBUG 9280 --- [http-nio-8080-exec-5] o.s.security.web.FilterChainProxy        : Secured GET /js/bootstrap.min.js
2024-05-18T23:02:46.918+09:00 DEBUG 9280 --- [http-nio-8080-exec-5] w.c.HttpSessionSecurityContextRepository : Retrieved SecurityContextImpl [Authentication=UsernamePasswordAuthenticationToken [Principal=org.springframework.security.core.userdetails.User [Username=admin@mgr.com, Password=[PROTECTED], Enabled=true, AccountNonExpired=true, credentialsNonExpired=true, AccountNonLocked=true, Granted Authorities=[ROLE_ADMIN]], Credentials=[PROTECTED], Authenticated=true, Details=WebAuthenticationDetails [RemoteIpAddress=0:0:0:0:0:0:0:1, SessionId=null], Granted Authorities=[ROLE_ADMIN]]]
2024-05-18T23:02:46.920+09:00 DEBUG 9280 --- [http-nio-8080-exec-6] w.c.HttpSessionSecurityContextRepository : Retrieved SecurityContextImpl [Authentication=UsernamePasswordAuthenticationToken [Principal=org.springframework.security.core.userdetails.User [Username=admin@mgr.com, Password=[PROTECTED], Enabled=true, AccountNonExpired=true, credentialsNonExpired=true, AccountNonLocked=true, Granted Authorities=[ROLE_ADMIN]], Credentials=[PROTECTED], Authenticated=true, Details=WebAuthenticationDetails [RemoteIpAddress=0:0:0:0:0:0:0:1, SessionId=null], Granted Authorities=[ROLE_ADMIN]]]
2024-05-18T23:02:55.457+09:00 DEBUG 9280 --- [http-nio-8080-exec-7] o.s.security.web.FilterChainProxy        : Securing GET /member/login
2024-05-18T23:02:55.457+09:00 DEBUG 9280 --- [http-nio-8080-exec-7] o.s.security.web.FilterChainProxy        : Secured GET /member/login
2024-05-18T23:02:55.483+09:00 DEBUG 9280 --- [http-nio-8080-exec-7] w.c.HttpSessionSecurityContextRepository : Retrieved SecurityContextImpl [Authentication=UsernamePasswordAuthenticationToken [Principal=org.springframework.security.core.userdetails.User [Username=admin@mgr.com, Password=[PROTECTED], Enabled=true, AccountNonExpired=true, credentialsNonExpired=true, AccountNonLocked=true, Granted Authorities=[ROLE_ADMIN]], Credentials=[PROTECTED], Authenticated=true, Details=WebAuthenticationDetails [RemoteIpAddress=0:0:0:0:0:0:0:1, SessionId=null], Granted Authorities=[ROLE_ADMIN]]]
2024-05-18T23:02:55.495+09:00 DEBUG 9280 --- [http-nio-8080-exec-3] o.s.security.web.FilterChainProxy        : Securing GET /js/bootstrap.min.js
2024-05-18T23:02:55.495+09:00 DEBUG 9280 --- [http-nio-8080-exec-9] o.s.security.web.FilterChainProxy        : Securing GET /css/bootstrap.min.css
2024-05-18T23:02:55.496+09:00 DEBUG 9280 --- [http-nio-8080-exec-3] o.s.security.web.FilterChainProxy        : Secured GET /js/bootstrap.min.js
2024-05-18T23:02:55.496+09:00 DEBUG 9280 --- [http-nio-8080-exec-9] o.s.security.web.FilterChainProxy        : Secured GET /css/bootstrap.min.css
2024-05-18T23:02:55.504+09:00 DEBUG 9280 --- [http-nio-8080-exec-3] w.c.HttpSessionSecurityContextRepository : Retrieved SecurityContextImpl [Authentication=UsernamePasswordAuthenticationToken [Principal=org.springframework.security.core.userdetails.User [Username=admin@mgr.com, Password=[PROTECTED], Enabled=true, AccountNonExpired=true, credentialsNonExpired=true, AccountNonLocked=true, Granted Authorities=[ROLE_ADMIN]], Credentials=[PROTECTED], Authenticated=true, Details=WebAuthenticationDetails [RemoteIpAddress=0:0:0:0:0:0:0:1, SessionId=null], Granted Authorities=[ROLE_ADMIN]]]
2024-05-18T23:02:55.507+09:00 DEBUG 9280 --- [http-nio-8080-exec-9] w.c.HttpSessionSecurityContextRepository : Retrieved SecurityContextImpl [Authentication=UsernamePasswordAuthenticationToken [Principal=org.springframework.security.core.userdetails.User [Username=admin@mgr.com, Password=[PROTECTED], Enabled=true, AccountNonExpired=true, credentialsNonExpired=true, AccountNonLocked=true, Granted Authorities=[ROLE_ADMIN]], Credentials=[PROTECTED], Authenticated=true, Details=WebAuthenticationDetails [RemoteIpAddress=0:0:0:0:0:0:0:1, SessionId=null], Granted Authorities=[ROLE_ADMIN]]]
2024-05-18T23:19:11.803+09:00  WARN 9280 --- [HikariPool-1 housekeeper] com.zaxxer.hikari.pool.HikariPool        : HikariPool-1 - Thread starvation or clock leap detected (housekeeper delta=48s735ms842µs300ns).
2024-05-18T23:35:43.854+09:00  WARN 9280 --- [HikariPool-1 housekeeper] com.zaxxer.hikari.pool.HikariPool        : HikariPool-1 - Thread starvation or clock leap detected (housekeeper delta=11m31s941ms27µs900ns).
